[07-Apr-2025 17:27:10 UTC] PHP Warning:  Unknown: Failed to open stream: No such file or directory in Unknown on line 0
[07-Apr-2025 17:27:10 UTC] PHP Fatal error:  Failed opening required 'F:/Local/resources/extraResources/local-bootstrap.php' (include_path='.:/usr/share/php:/www/wp-content/pear') in Unknown on line 0
[07-Apr-2025 17:27:10 UTC] PHP Warning:  Unknown: Failed to open stream: No such file or directory in Unknown on line 0
[07-Apr-2025 17:27:10 UTC] PHP Fatal error:  Failed opening required 'F:/Local/resources/extraResources/local-bootstrap.php' (include_path='.:/usr/share/php:/www/wp-content/pear') in Unknown on line 0
[14-Apr-2025 19:42:48 UTC] PHP Parse error:  syntax error, unexpected token "<", expecting end of file in C:\Users\mnavarrete\Local Sites\gym\app\public\wp-content\themes\gymmalilla\page.php on line 9
[15-Apr-2025 19:21:13 UTC] PHP Parse error:  syntax error, unexpected token "endwhile", expecting end of file in C:\Users\mnavarrete\Local Sites\gym\app\public\wp-content\themes\gymmalilla\page.php on line 10
[22-Apr-2025 17:41:24 UTC] PHP Warning:  Unknown: Failed to open stream: No such file or directory in Unknown on line 0
[22-Apr-2025 17:41:24 UTC] PHP Fatal error:  Failed opening required 'C:/Users/mnavarrete/AppData/Local/Programs/Local/resources/extraResources/local-bootstrap.php' (include_path='.:/usr/share/php:/www/wp-content/pear') in Unknown on line 0
[22-Apr-2025 17:41:25 UTC] PHP Warning:  Unknown: Failed to open stream: No such file or directory in Unknown on line 0
[22-Apr-2025 17:41:25 UTC] PHP Fatal error:  Failed opening required 'C:/Users/mnavarrete/AppData/Local/Programs/Local/resources/extraResources/local-bootstrap.php' (include_path='.:/usr/share/php:/www/wp-content/pear') in Unknown on line 0
[22-Apr-2025 18:22:19 UTC] PHP Parse error:  syntax error, unexpected token ":" in C:\Users\mnavarrete\Local Sites\gym\app\public\wp-content\themes\gymmalilla\functions.php on line 15
[22-Apr-2025 19:09:08 UTC] PHP Warning:  Undefined variable $handle in C:\Users\mnavarrete\Local Sites\gym\app\public\wp-content\themes\gymmalilla\functions.php on line 21
[22-Apr-2025 19:09:08 UTC] PHP Warning:  Undefined variable $src in C:\Users\mnavarrete\Local Sites\gym\app\public\wp-content\themes\gymmalilla\functions.php on line 21
[22-Apr-2025 19:09:08 UTC] PHP Warning:  Undefined variable $deps in C:\Users\mnavarrete\Local Sites\gym\app\public\wp-content\themes\gymmalilla\functions.php on line 21
[22-Apr-2025 19:09:08 UTC] PHP Warning:  Undefined variable $ver in C:\Users\mnavarrete\Local Sites\gym\app\public\wp-content\themes\gymmalilla\functions.php on line 21
[22-Apr-2025 19:09:08 UTC] PHP Warning:  Undefined variable $media in C:\Users\mnavarrete\Local Sites\gym\app\public\wp-content\themes\gymmalilla\functions.php on line 21
[22-Apr-2025 19:09:47 UTC] PHP Warning:  Undefined variable $handle in C:\Users\mnavarrete\Local Sites\gym\app\public\wp-content\themes\gymmalilla\functions.php on line 21
[22-Apr-2025 19:09:47 UTC] PHP Warning:  Undefined variable $src in C:\Users\mnavarrete\Local Sites\gym\app\public\wp-content\themes\gymmalilla\functions.php on line 21
[22-Apr-2025 19:09:47 UTC] PHP Warning:  Undefined variable $deps in C:\Users\mnavarrete\Local Sites\gym\app\public\wp-content\themes\gymmalilla\functions.php on line 21
[22-Apr-2025 19:09:47 UTC] PHP Warning:  Undefined variable $ver in C:\Users\mnavarrete\Local Sites\gym\app\public\wp-content\themes\gymmalilla\functions.php on line 21
[22-Apr-2025 19:09:47 UTC] PHP Warning:  Undefined variable $media in C:\Users\mnavarrete\Local Sites\gym\app\public\wp-content\themes\gymmalilla\functions.php on line 21
[22-Apr-2025 19:09:57 UTC] PHP Warning:  Undefined variable $handle in C:\Users\mnavarrete\Local Sites\gym\app\public\wp-content\themes\gymmalilla\functions.php on line 21
[22-Apr-2025 19:09:57 UTC] PHP Warning:  Undefined variable $src in C:\Users\mnavarrete\Local Sites\gym\app\public\wp-content\themes\gymmalilla\functions.php on line 21
[22-Apr-2025 19:09:57 UTC] PHP Warning:  Undefined variable $deps in C:\Users\mnavarrete\Local Sites\gym\app\public\wp-content\themes\gymmalilla\functions.php on line 21
[22-Apr-2025 19:09:57 UTC] PHP Warning:  Undefined variable $ver in C:\Users\mnavarrete\Local Sites\gym\app\public\wp-content\themes\gymmalilla\functions.php on line 21
[22-Apr-2025 19:09:57 UTC] PHP Warning:  Undefined variable $media in C:\Users\mnavarrete\Local Sites\gym\app\public\wp-content\themes\gymmalilla\functions.php on line 21
[22-Apr-2025 19:10:26 UTC] PHP Warning:  Undefined variable $handle in C:\Users\mnavarrete\Local Sites\gym\app\public\wp-content\themes\gymmalilla\functions.php on line 18
[22-Apr-2025 19:10:26 UTC] PHP Warning:  Undefined variable $src in C:\Users\mnavarrete\Local Sites\gym\app\public\wp-content\themes\gymmalilla\functions.php on line 18
[22-Apr-2025 19:10:26 UTC] PHP Warning:  Undefined variable $deps in C:\Users\mnavarrete\Local Sites\gym\app\public\wp-content\themes\gymmalilla\functions.php on line 18
[22-Apr-2025 19:10:26 UTC] PHP Warning:  Undefined variable $ver in C:\Users\mnavarrete\Local Sites\gym\app\public\wp-content\themes\gymmalilla\functions.php on line 18
[22-Apr-2025 19:10:26 UTC] PHP Warning:  Undefined variable $media in C:\Users\mnavarrete\Local Sites\gym\app\public\wp-content\themes\gymmalilla\functions.php on line 18
[28-Apr-2025 16:36:24 UTC] PHP Warning:  Attempt to read property "title" on null in C:\Users\mnavarrete\Local Sites\gym\app\public\wp-includes\class-wp-customize-widgets.php on line 923
[28-Apr-2025 16:41:47 UTC] PHP Parse error:  syntax error, unexpected identifier "action" in C:\Users\mnavarrete\Local Sites\gym\app\public\wp-content\themes\gymmalilla\functions.php on line 14
[28-Apr-2025 16:41:47 UTC] PHP Warning:  Trying to access array offset on value of type bool in C:\Users\mnavarrete\Local Sites\gym\app\public\wp-includes\class-wp-recovery-mode-email-service.php on line 367
[28-Apr-2025 16:41:47 UTC] PHP Warning:  Trying to access array offset on value of type bool in C:\Users\mnavarrete\Local Sites\gym\app\public\wp-includes\class-wp-recovery-mode-email-service.php on line 368
[28-Apr-2025 16:41:57 UTC] PHP Parse error:  syntax error, unexpected identifier "action" in C:\Users\mnavarrete\Local Sites\gym\app\public\wp-content\themes\gymmalilla\functions.php on line 14
[28-Apr-2025 16:42:02 UTC] PHP Parse error:  syntax error, unexpected identifier "action" in C:\Users\mnavarrete\Local Sites\gym\app\public\wp-content\themes\gymmalilla\functions.php on line 14
[28-Apr-2025 16:42:06 UTC] PHP Parse error:  syntax error, unexpected identifier "action" in C:\Users\mnavarrete\Local Sites\gym\app\public\wp-content\themes\gymmalilla\functions.php on line 14
[28-Apr-2025 16:42:30 UTC] PHP Parse error:  syntax error, unexpected identifier "action" in C:\Users\mnavarrete\Local Sites\gym\app\public\wp-content\themes\gymmalilla\functions.php on line 14
[28-Apr-2025 16:42:34 UTC] PHP Parse error:  syntax error, unexpected identifier "action" in C:\Users\mnavarrete\Local Sites\gym\app\public\wp-content\themes\gymmalilla\functions.php on line 14
[29-Apr-2025 19:51:48 UTC] PHP Warning:  Attempt to read property "title" on null in C:\Users\mnavarrete\Local Sites\gym\app\public\wp-includes\class-wp-customize-widgets.php on line 923
[29-Apr-2025 19:52:22 UTC] PHP Warning:  Attempt to read property "title" on null in C:\Users\mnavarrete\Local Sites\gym\app\public\wp-includes\class-wp-customize-widgets.php on line 923
[30-Apr-2025 17:34:55 UTC] PHP Warning:  Attempt to read property "title" on null in C:\Users\mnavarrete\Local Sites\gym\app\public\wp-includes\class-wp-customize-widgets.php on line 923
[02-May-2025 15:21:55 UTC] PHP Parse error:  syntax error, unexpected token "<" in C:\Users\mnavarrete\Local Sites\gym\app\public\wp-content\themes\gymmalilla\inc\queries.php on line 4
[08-May-2025 19:40:28 UTC] PHP Parse error:  syntax error, unexpected token "<" in C:\Users\mnavarrete\Local Sites\gym\app\public\wp-content\themes\gymmalilla\template-parts\paginas.php on line 22
[08-May-2025 20:59:39 UTC] PHP Fatal error:  Uncaught Error: Call to undefined function add_acction() in C:\Users\mnavarrete\Local Sites\gym\app\public\wp-content\themes\gymmalilla\functions.php:94
Stack trace:
#0 C:\Users\mnavarrete\Local Sites\gym\app\public\wp-settings.php(672): include()
#1 C:\Users\mnavarrete\Local Sites\gym\app\public\wp-config.php(103): require_once('C:\\Users\\mnavar...')
#2 C:\Users\mnavarrete\Local Sites\gym\app\public\wp-load.php(50): require_once('C:\\Users\\mnavar...')
#3 C:\Users\mnavarrete\Local Sites\gym\app\public\wp-admin\admin.php(34): require_once('C:\\Users\\mnavar...')
#4 C:\Users\mnavarrete\Local Sites\gym\app\public\wp-admin\edit.php(10): require_once('C:\\Users\\mnavar...')
#5 {main}
  thrown in C:\Users\mnavarrete\Local Sites\gym\app\public\wp-content\themes\gymmalilla\functions.php on line 94
[08-May-2025 20:59:39 UTC] PHP Warning:  Trying to access array offset on value of type bool in C:\Users\mnavarrete\Local Sites\gym\app\public\wp-includes\class-wp-recovery-mode-email-service.php on line 367
[08-May-2025 20:59:39 UTC] PHP Warning:  Trying to access array offset on value of type bool in C:\Users\mnavarrete\Local Sites\gym\app\public\wp-includes\class-wp-recovery-mode-email-service.php on line 368
[08-May-2025 21:03:41 UTC] PHP Fatal error:  Uncaught Error: Call to undefined function add_acction() in C:\Users\mnavarrete\Local Sites\gym\app\public\wp-content\themes\gymmalilla\functions.php:103
Stack trace:
#0 C:\Users\mnavarrete\Local Sites\gym\app\public\wp-settings.php(672): include()
#1 C:\Users\mnavarrete\Local Sites\gym\app\public\wp-config.php(103): require_once('C:\\Users\\mnavar...')
#2 C:\Users\mnavarrete\Local Sites\gym\app\public\wp-load.php(50): require_once('C:\\Users\\mnavar...')
#3 C:\Users\mnavarrete\Local Sites\gym\app\public\wp-admin\admin.php(34): require_once('C:\\Users\\mnavar...')
#4 C:\Users\mnavarrete\Local Sites\gym\app\public\wp-admin\edit.php(10): require_once('C:\\Users\\mnavar...')
#5 {main}
  thrown in C:\Users\mnavarrete\Local Sites\gym\app\public\wp-content\themes\gymmalilla\functions.php on line 103
[08-May-2025 21:15:37 UTC] PHP Parse error:  syntax error, unexpected end of file, expecting "elseif" or "else" or "endif" in C:\Users\mnavarrete\Local Sites\gym\app\public\wp-content\themes\gymmalilla\sidebar.php on line 22
[08-May-2025 21:16:12 UTC] PHP Parse error:  syntax error, unexpected end of file, expecting "elseif" or "else" or "endif" in C:\Users\mnavarrete\Local Sites\gym\app\public\wp-content\themes\gymmalilla\sidebar.php on line 22
